<?xml version="1.0" encoding="UTF-8"?>
<testsuite xmlns:xsi="http://www.w3.org/2001/XMLSchema-instance" xsi:noNamespaceSchemaLocation="https://maven.apache.org/surefire/maven-surefire-plugin/xsd/surefire-test-report-3.0.xsd" version="3.0" name="org.mikul17.rpq.RpqSolverApplicationTests" time="2.006" tests="1" errors="0" skipped="0" failures="0">
  <properties>
[...]
</properties>
  <testcase name="contextLoads" classname="org.mikul17.rpq.RpqSolverApplicationTests" time="0.631">
    <system-out><![CDATA[18:12:07.840 [main] INFO org.springframework.test.context.support.AnnotationConfigContextLoaderUtils -- Could not detect default configuration classes for test class [org.mikul17.rpq.RpqSolverApplicationTests]: RpqSolverApplicationTests does not declare any static, non-private, non-final, nested classes annotated with @Configuration.
18:12:07.914 [main] INFO org.springframework.boot.test.context.SpringBootTestContextBootstrapper -- Found @SpringBootConfiguration org.mikul17.rpq.RpqSolverApplication for test class org.mikul17.rpq.RpqSolverApplicationTests
18:12:08.042 [main] INFO org.springframework.boot.devtools.restart.RestartApplicationListener -- Restart disabled due to context in which it is running

  .   ____          _            __ _ _
 /\\ / ___'_ __ _ _(_)_ __  __ _ \ \ \ \
( ( )\___ | '_ | '_| | '_ \/ _` | \ \ \ \
 \\/  ___)| |_)| | | | | || (_| |  ) ) ) )
  '  |____| .__|_| |_|_| |_\__, | / / / /
 =========|_|==============|___/=/_/_/_/

 :: Spring Boot ::                (v3.3.1)

2024-08-17T18:12:08.234+02:00  INFO 18736 --- [Rpq-solver] [           main] o.mikul17.rpq.RpqSolverApplicationTests  : Starting RpqSolverApplicationTests using Java 21.0.3 with PID 18736 (started by miql in D:\Programowanie\Java\praca-inzynierska\Rpq-solver)
2024-08-17T18:12:08.235+02:00  INFO 18736 --- [Rpq-solver] [           main] o.mikul17.rpq.RpqSolverApplicationTests  : No active profile set, falling back to 1 default profile: "default"
2024-08-17T18:12:09.071+02:00  INFO 18736 --- [Rpq-solver] [           main] o.mikul17.rpq.RpqSolverApplicationTests  : Started RpqSolverApplicationTests in 1.04 seconds (process running for 1.77)
]]></system-out>
    <system-err><![CDATA[WARNING: A Java agent has been loaded dynamically (C:\Users\miql\.m2\repository\net\bytebuddy\byte-buddy-agent\1.14.17\byte-buddy-agent-1.14.17.jar)
WARNING: If a serviceability tool is in use, please run with -XX:+EnableDynamicAgentLoading to hide this warning
WARNING: If a serviceability tool is not in use, please run with -Djdk.instrument.traceUsage for more information
WARNING: Dynamic loading of agents will be disallowed by default in a future release
]]></system-err>
  </testcase>
</testsuite>